Build Image Log ----------
ID:     imagemode-2
Image:  quay.io/ehaynes/imagemode
Type:   qcow2
Folder: /var/home/ehaynes/imagemode
----------
{
  "name": "imagemode-bootc-image-builder",
  "Image": "registry.redhat.io/rhel9/bootc-image-builder:9.5",
  "Tty": true,
  "HostConfig": {
    "Privileged": true,
    "SecurityOpt": [
      "label=type:unconfined_t"
    ],
    "Binds": [
      "/var/home/ehaynes/imagemode:/output/",
      "/var/lib/containers/storage:/var/lib/containers/storage",
      "/var/home/ehaynes/imagemode/config.json:/config.json:ro"
    ]
  },
  "Labels": {
    "bootc.image.builder": "true"
  },
  "Cmd": [
    "quay.io/ehaynes/imagemode:1.0",
    "--output",
    "/output/",
    "--local",
    "--progress",
    "verbose",
    "--type",
    "qcow2",
    "--target-arch",
    "amd64",
    "--chown",
    "1000:1000"
  ]
}
----------
podman \
run \
--rm \
--name \
imagemode-bootc-image-builder \
--tty \
--privileged \
--security-opt \
label=type:unconfined_t \
-v \
/var/home/ehaynes/imagemode:/output/ \
-v \
/var/lib/containers/storage:/var/lib/containers/storage \
-v \
/var/home/ehaynes/imagemode/config.json:/config.json:ro \
--label \
bootc.image.builder=true \
registry.redhat.io/rhel9/bootc-image-builder:9.5 \
quay.io/ehaynes/imagemode:1.0 \
--output \
/output/ \
--local \
--progress \
verbose \
--type \
qcow2 \
--target-arch \
amd64 \
--chown \
1000:1000
----------
Trying to pull registry.redhat.io/rhel9/bootc-image-builder:9.5...
Error: internal error: unable to copy from source docker://registry.redhat.io/rhel9/bootc-image-builder:9.5: initializing source docker://registry.redhat.io/rhel9/bootc-image-builder:9.5: unable to retrieve auth token: invalid username/password: unauthorized: Please login to the Red Hat Registry using your Customer Portal credentials. Further instructions can be found here: https://access.redhat.com/RegistryAuthentication
Command execution failed with exit code 125